<?xml version="1.0" encoding="UTF-8" ?>
<testsuite tests="2" failures="0" name="com.niit.backend.CategoryTestCase" time="2.264" errors="0" skipped="1">
  <properties>
[...]
</properties>
  <testcase classname="com.niit.backend.CategoryTestCase" name="addCategory" time="2.264">
    <skipped/>
    <system-out>Hibernate: alter table CartItem add column itemId integer not null
Hibernate: alter table CartItem add column customerId varchar(255)
Hibernate: alter table CartItem add column price double not null
Hibernate: alter table CartItem add column productId integer
Hibernate: create table CartTable (cartId integer not null, customerId varchar(255), user_email varchar(255), primary key (cartId))
Hibernate: create table CategoryTable (categoryId integer not null, categoryName varchar(255), primary key (categoryId))
Hibernate: create table OrderTable (orderId integer not null, cardNumber varchar(255), cvv varchar(255), month integer, nameOnCard varchar(255), totalPrice double, year integer, addressId integer, email varchar(255), primary key (orderId))
Hibernate: create table ProductTable (productId integer not null, categoryId integer not null, description varchar(255), imgname varchar(255), price float not null, productName varchar(255), quantity integer not null, status varchar(255), supplierId integer not null, primary key (productId))
Hibernate: create table SupplierTable (supplierId integer not null, supplierName varchar(255), primary key (supplierId))
Hibernate: create table user_detail (email varchar(255) not null, enabled boolean not null, name varchar(255), password varchar(255), phone varchar(255), role varchar(255), primary key (email))
Hibernate: create table UserAddressTable (id integer not null, city varchar(255), houseNumber integer not null, locality varchar(255), pinCode varchar(255), state varchar(255), email varchar(255), primary key (id))
Hibernate: create sequence hibernate_sequence start with 1 increment by 1
Hibernate: alter table CartItem add constraint FKncovd7rxef6fusvp8wipvhu41 foreign key (cart_cartId) references CartTable
Hibernate: alter table CartItem add constraint FKt99084rngwja2tf5ghw2hk5kx foreign key (productId) references ProductTable
Hibernate: alter table CartTable add constraint FKe01krm85n8nnaym8qumttxt0o foreign key (user_email) references user_detail
Hibernate: alter table OrderTable add constraint FKdabgqefpig7ra1rucl1cftqk7 foreign key (addressId) references UserAddressTable
Hibernate: alter table OrderTable add constraint FK1brgg9u0h179dq5e86ectcrob foreign key (email) references user_detail
Hibernate: alter table ProductTable add constraint FKkooocxu8hwbbv0tveapg0j2gc foreign key (categoryId) references CategoryTable
Hibernate: alter table ProductTable add constraint FKqbbjhi6gny1c14oofvbwqfjp2 foreign key (supplierId) references SupplierTable
Hibernate: alter table UserAddressTable add constraint FKmooscfhabljwoi71reniwa72u foreign key (email) references user_detail
</system-out>
    <system-err>Sep 20, 2018 4:34:25 PM org.springframework.context.annotation.AnnotationConfigApplicationContext prepareRefresh
INFO: Refreshing org.springframework.context.annotation.AnnotationConfigApplicationContext@6fffcba5: startup date [Thu Sep 20 16:34:25 IST 2018]; root of context hierarchy
Sep 20, 2018 4:34:26 PM org.springframework.jdbc.datasource.DriverManagerDataSource setDriverClassName
INFO: Loaded JDBC driver: org.h2.Driver
Sep 20, 2018 4:34:26 PM org.hibernate.Version logVersion
INFO: HHH000412: Hibernate Core {5.2.7.Final}
Sep 20, 2018 4:34:26 PM org.hibernate.cfg.Environment &lt;clinit&gt;
INFO: HHH000206: hibernate.properties not found
Sep 20, 2018 4:34:26 PM org.hibernate.annotations.common.reflection.java.JavaReflectionManager &lt;clinit&gt;
INFO: HCANN000001: Hibernate Commons Annotations {5.0.1.Final}
Sep 20, 2018 4:34:26 PM org.hibernate.dialect.Dialect &lt;init&gt;
INFO: HHH000400: Using dialect: org.hibernate.dialect.H2Dialect
Sep 20, 2018 4:34:27 PM org.hibernate.validator.internal.util.Version &lt;clinit&gt;
INFO: HV000001: Hibernate Validator 5.4.1.Final
Sep 20, 2018 4:34:27 PM org.springframework.orm.hibernate5.HibernateTransactionManager afterPropertiesSet
INFO: Using DataSource [org.springframework.jdbc.datasource.DriverManagerDataSource@2f4948e4] of Hibernate SessionFactory for HibernateTransactionManager
</system-err>
  </testcase>
  <testcase classname="com.niit.backend.CategoryTestCase" name="fetchAllCategories" time="0"/>
</testsuite>